-------------------------------------------------------------------------------
Test set: com.RedisDemo.JobPortalApplicationTests
-------------------------------------------------------------------------------
Tests run: 1, Failures: 0, Errors: 1, Skipped: 0, Time elapsed: 0.354 s <<< FAILURE! - in com.RedisDemo.JobPortalApplicationTests
com.RedisDemo.JobPortalApplicationTests  Time elapsed: 0.35 s  <<< ERROR!
java.lang.NullPointerException: Cannot invoke "java.lang.Class.getName()" because "found" is null

